{"uuid":"2d0fc02a-55fc-4d5d-be09-c2691250ffb7","historyId":"ec991fb89e6bbe98e4a8d81773f21f3b","fullName":"CitySearchTest.CitySearch","labels":[{"name":"package","value":"CitySearchTest"},{"name":"testClass","value":"CitySearchTest"},{"name":"testMethod","value":"CitySearch"},{"name":"parentSuite","value":"Default Suite"},{"name":"suite","value":"HrSearchProject"},{"name":"subSuite","value":"CitySearchTest"},{"name":"host","value":"bmaisuradze"},{"name":"thread","value":"16008@bmaisuradze.main(1)"},{"name":"framework","value":"testng"},{"name":"language","value":"java"}],"links":[],"name":"CitySearch","status":"failed","statusDetails":{"known":false,"muted":false,"flaky":false,"message":"Element not found {By.xpath: //mat-form-field[@class='mat-form-field dropdown__mat-form-field ng-tns-c69-3 mat-primary mat-form-field-type-mat-select mat-form-field-appearance-legacy mat-form-field-has-label mat-form-field-hide-placeholder ng-pristine ng-valid ng-star-inserted ng-touched mat-focused']}\r\nExpected: interactable\r\nScreenshot: file:/C:/Users/l.tchitchadze/IdeaProjects/HrSearchProject/src/main/ScreenShots/1660744989242.0.png\r\nPage source: file:/C:/Users/l.tchitchadze/IdeaProjects/HrSearchProject/src/main/ScreenShots/1660744989242.0.html\r\nTimeout: 4 s.\r\nCaused by: NoSuchElementException: no such element: Unable to locate element: {\"method\":\"xpath\",\"selector\":\"//mat-form-field[@class='mat-form-field dropdown__mat-form-field ng-tns-c69-3 mat-primary mat-form-field-type-mat-select mat-form-field-appearance-legacy mat-form-field-has-label mat-form-field-hide-placeholder ng-pristine ng-valid ng-star-inserted ng-touched mat-focused']\"}","trace":"Element not found {By.xpath: //mat-form-field[@class='mat-form-field dropdown__mat-form-field ng-tns-c69-3 mat-primary mat-form-field-type-mat-select mat-form-field-appearance-legacy mat-form-field-has-label mat-form-field-hide-placeholder ng-pristine ng-valid ng-star-inserted ng-touched mat-focused']}\r\nExpected: interactable\r\nScreenshot: file:/C:/Users/l.tchitchadze/IdeaProjects/HrSearchProject/src/main/ScreenShots/1660744989242.0.png\r\nPage source: file:/C:/Users/l.tchitchadze/IdeaProjects/HrSearchProject/src/main/ScreenShots/1660744989242.0.html\r\nTimeout: 4 s.\r\nCaused by: NoSuchElementException: no such element: Unable to locate element: {\"method\":\"xpath\",\"selector\":\"//mat-form-field[@class='mat-form-field dropdown__mat-form-field ng-tns-c69-3 mat-primary mat-form-field-type-mat-select mat-form-field-appearance-legacy mat-form-field-has-label mat-form-field-hide-placeholder ng-pristine ng-valid ng-star-inserted ng-touched mat-focused']\"}\r\n\tat com.codeborne.selenide.impl.WebElementSource.createElementNotFoundError(WebElementSource.java:87)\r\n\tat com.codeborne.selenide.impl.ElementFinder.createElementNotFoundError(ElementFinder.java:122)\r\n\tat com.codeborne.selenide.impl.WebElementSource.checkCondition(WebElementSource.java:124)\r\n\tat com.codeborne.selenide.impl.WebElementSource.findAndAssertElementIsInteractable(WebElementSource.java:142)\r\n\tat com.codeborne.selenide.commands.Click.findElement(Click.java:44)\r\n\tat com.codeborne.selenide.commands.Click.execute(Click.java:26)\r\n\tat com.codeborne.selenide.commands.Click.execute(Click.java:19)\r\n\tat com.codeborne.selenide.commands.Commands.execute(Commands.java:155)\r\n\tat com.codeborne.selenide.impl.SelenideElementProxy.dispatchAndRetry(SelenideElementProxy.java:131)\r\n\tat com.codeborne.selenide.impl.SelenideElementProxy.invoke(SelenideElementProxy.java:83)\r\n\tat jdk.proxy2/jdk.proxy2.$Proxy6.click(Unknown Source)\r\n\tat FrontEnd.Steps.MainPageSearchSteps.SearchWithCity(MainPageSearchSteps.java:16)\r\n\tat CitySearchTest.CitySearch(CitySearchTest.java:52)\r\n\tat java.base/jdk.internal.reflect.DirectMethodHandleAccessor.invoke(DirectMethodHandleAccessor.java:104)\r\n\tat java.base/java.lang.reflect.Method.invoke(Method.java:577)\r\n\tat org.testng.internal.invokers.MethodInvocationHelper.invokeMethod(MethodInvocationHelper.java:139)\r\n\tat org.testng.internal.invokers.TestInvoker.invokeMethod(TestInvoker.java:677)\r\n\tat org.testng.internal.invokers.TestInvoker.invokeTestMethod(TestInvoker.java:221)\r\n\tat org.testng.internal.invokers.MethodRunner.runInSequence(MethodRunner.java:50)\r\n\tat org.testng.internal.invokers.TestInvoker$MethodInvocationAgent.invoke(TestInvoker.java:962)\r\n\tat org.testng.internal.invokers.TestInvoker.invokeTestMethods(TestInvoker.java:194)\r\n\tat org.testng.internal.invokers.TestMethodWorker.invokeTestMethods(TestMethodWorker.java:148)\r\n\tat org.testng.internal.invokers.TestMethodWorker.run(TestMethodWorker.java:128)\r\n\tat java.base/java.util.ArrayList.forEach(ArrayList.java:1511)\r\n\tat org.testng.TestRunner.privateRun(TestRunner.java:806)\r\n\tat org.testng.TestRunner.run(TestRunner.java:601)\r\n\tat org.testng.SuiteRunner.runTest(SuiteRunner.java:433)\r\n\tat org.testng.SuiteRunner.runSequentially(SuiteRunner.java:427)\r\n\tat org.testng.SuiteRunner.privateRun(SuiteRunner.java:387)\r\n\tat org.testng.SuiteRunner.run(SuiteRunner.java:330)\r\n\tat org.testng.SuiteRunnerWorker.runSuite(SuiteRunnerWorker.java:52)\r\n\tat org.testng.SuiteRunnerWorker.run(SuiteRunnerWorker.java:95)\r\n\tat org.testng.TestNG.runSuitesSequentially(TestNG.java:1256)\r\n\tat org.testng.TestNG.runSuitesLocally(TestNG.java:1176)\r\n\tat org.testng.TestNG.runSuites(TestNG.java:1099)\r\n\tat org.testng.TestNG.run(TestNG.java:1067)\r\n\tat com.intellij.rt.testng.IDEARemoteTestNG.run(IDEARemoteTestNG.java:66)\r\n\tat com.intellij.rt.testng.RemoteTestNGStarter.main(RemoteTestNGStarter.java:109)\r\nCaused by: org.openqa.selenium.NoSuchElementException: no such element: Unable to locate element: {\"method\":\"xpath\",\"selector\":\"//mat-form-field[@class='mat-form-field dropdown__mat-form-field ng-tns-c69-3 mat-primary mat-form-field-type-mat-select mat-form-field-appearance-legacy mat-form-field-has-label mat-form-field-hide-placeholder ng-pristine ng-valid ng-star-inserted ng-touched mat-focused']\"}\n  (Session info: chrome=104.0.5112.81)\nFor documentation on this error, please visit: https://selenium.dev/exceptions/#no_such_element\nBuild info: version: '4.2.1', revision: 'ac4d0fdd4a'\nSystem info: host: 'BMAISURADZE', ip: '10.0.75.1', os.name: 'Windows 10', os.arch: 'amd64', os.version: '10.0', java.version: '18.0.2'\nDriver info: org.openqa.selenium.chrome.ChromeDriver\nCommand: [87f939c0ad34e4d40685c332e4bc9892, findElement {using=xpath, value=//mat-form-field[@class='mat-form-field dropdown__mat-form-field ng-tns-c69-3 mat-primary mat-form-field-type-mat-select mat-form-field-appearance-legacy mat-form-field-has-label mat-form-field-hide-placeholder ng-pristine ng-valid ng-star-inserted ng-touched mat-focused']}]\nCapabilities {acceptInsecureCerts: true, browserName: chrome, browserVersion: 104.0.5112.81, chrome: {chromedriverVersion: 104.0.5112.79 (3cf3e8c8a07d..., userDataDir: C:\\Users\\L9383~1.TCH\\AppDat...}, goog:chromeOptions: {debuggerAddress: localhost:12307}, networkConnectionEnabled: false, pageLoadStrategy: normal, platformName: WINDOWS, proxy: Proxy(), se:cdp: ws://localhost:12307/devtoo..., se:cdpVersion: 104.0.5112.81, setWindowRect: true, strictFileInteractability: false, timeouts: {implicit: 0, pageLoad: 300000, script: 30000}, unhandledPromptBehavior: dismiss and notify, webauthn:extension:credBlob: true, webauthn:extension:largeBlob: true, webauthn:virtualAuthenticators: true}\nSession ID: 87f939c0ad34e4d40685c332e4bc9892\r\n\tat java.base/jdk.internal.reflect.DirectConstructorHandleAccessor.newInstance(DirectConstructorHandleAccessor.java:67)\r\n\tat java.base/java.lang.reflect.Constructor.newInstanceWithCaller(Constructor.java:499)\r\n\tat java.base/java.lang.reflect.Constructor.newInstance(Constructor.java:483)\r\n\tat org.openqa.selenium.remote.codec.w3c.W3CHttpResponseCodec.createException(W3CHttpResponseCodec.java:200)\r\n\tat org.openqa.selenium.remote.codec.w3c.W3CHttpResponseCodec.decode(W3CHttpResponseCodec.java:133)\r\n\tat org.openqa.selenium.remote.codec.w3c.W3CHttpResponseCodec.decode(W3CHttpResponseCodec.java:53)\r\n\tat org.openqa.selenium.remote.HttpCommandExecutor.execute(HttpCommandExecutor.java:184)\r\n\tat org.openqa.selenium.remote.service.DriverCommandExecutor.invokeExecute(DriverCommandExecutor.java:167)\r\n\tat org.openqa.selenium.remote.service.DriverCommandExecutor.execute(DriverCommandExecutor.java:142)\r\n\tat org.openqa.selenium.remote.RemoteWebDriver.execute(RemoteWebDriver.java:551)\r\n\tat org.openqa.selenium.remote.ElementLocation$ElementFinder$2.findElement(ElementLocation.java:162)\r\n\tat org.openqa.selenium.remote.ElementLocation.findElement(ElementLocation.java:60)\r\n\tat org.openqa.selenium.remote.RemoteWebDriver.findElement(RemoteWebDriver.java:369)\r\n\tat org.openqa.selenium.remote.RemoteWebDriver.findElement(RemoteWebDriver.java:361)\r\n\tat com.codeborne.selenide.impl.WebElementSelector.findElement(WebElementSelector.java:70)\r\n\tat com.codeborne.selenide.impl.WebElementSelector.findElement(WebElementSelector.java:44)\r\n\tat com.codeborne.selenide.impl.WebElementSelector.findElement(WebElementSelector.java:33)\r\n\tat com.codeborne.selenide.impl.ElementFinder.getWebElement(ElementFinder.java:102)\r\n\tat com.codeborne.selenide.impl.WebElementSource.checkCondition(WebElementSource.java:105)\r\n\t... 35 more\r\n"},"stage":"finished","steps":[],"attachments":[],"parameters":[],"start":1660744985208,"stop":1660744990467}